в—Ү injected env (0) from .env // tip: вҢҳ enable debugging { debug: true }
[32m[INFO] State loaded from /data/data/com.termux/files/home/tact-forge-max/state.json (Session: becon)[0m
[33m[WARN] TELEGRAM_CHANNEL_ID not set вҖ” channel broadcast disabled.[0m
[32m[INFO] Existing development wallet loaded.[0m
[36m[DEBUG] Selected RPC endpoint: https://testnet.toncenter.com/api/v2/jsonRPC[0m
[36mв•”в•җв•җв•җв•җв•җв•җв•җв•җв•җв•җв•җв•җв•җв•җв•җв•җв•җв•җв•җв•җв•җв•җв•җв•җв•җв•җв•җв•җв•җв•җв•җв•җв•җв•җв•җв•җв•җв•җв•җв•җв•җв•җв•җв•җв•җв•җв•җв•җв•җв•җв•җв•җв•җв•җв•җв•җв•җв•җв•җв•җв•җв•җв•—
в•‘   рҹҡҖ  TEMIXIDE v2.0  вҖ”  SERVER ONLINE                      в•‘
в•‘      Rate-Limited В· Compressed В· WebSocket Live Logs        в•‘
в•ҡв•җв•җв•җв•җв•җв•җв•җв•җв•җв•җв•җв•җв•җв•җв•җв•җв•җв•җв•җв•җв•җв•җв•җв•җв•җв•җв•җв•җв•җв•җв•җв•җв•җв•җв•җв•җв•җв•җв•җв•җв•җв•җв•җв•җв•җв•җв•җв•җв•җв•җв•җв•җв•җв•җв•җв•җв•җв•җв•җв•җв•җв•җв•қ[0m
[32m[INFO] Network:  TESTNET[0m
[32m[INFO] Wallet:   kQAF8wfP5lVcgAHpH8eW18bYMagteW9kVit_KRharLjKRyCY[0m
[32m[INFO] Endpoint: http://localhost:3000[0m
[32m[INFO] Env:      development[0m
[36m[DEBUG] Debug mode: true[0m
[32m[INFO] Telegram Bot (TemixIDE) active.[0m
[36m[DEBUG] [9932f208] POST /api/getter[0m
[32m[INFO] [9932f208] Running getter getTitle on kQCMsE4GzEmN8jOFVhasrVn7pLu1r_tvvqyp-4YWl98zf5dM[0m
[36m[DEBUG] Selected RPC endpoint: https://testnet.toncenter.com/api/v2/jsonRPC[0m
[31m[ERROR] [9932f208] Getter failed: Unable to execute get method. Got exit_code: 9[0m
Error: Unable to execute get method. Got exit_code: 9
    at TonClient.runMethod (/data/data/com.termux/files/home/tact-forge-max/node_modules/@ton/ton/dist/client/TonClient.js:42:19)
    at process.processTicksAndRejections (node:internal/process/task_queues:104:5)
    at async /data/data/com.termux/files/home/tact-forge-max/server.js:855:14
    at async withRetry (/data/data/com.termux/files/home/tact-forge-max/server.js:246:14)
    at async /data/data/com.termux/files/home/tact-forge-max/server.js:850:20
[0mPOST /api/getter [31m500[0m 7153.395 ms - 58[0m
[32m[INFO] SIGTERM received вҖ” graceful shutdown (5s timeout)...[0m
[32m[INFO] Server closed cleanly.[0m
